[Tue Nov 13 18:10:07.959 2018] 0.000 sec 0.000 sec [ext2/1/ext 1 (0,20)] [article_core]
[Tue Nov 13 18:10:42.399 2018] 0.000 sec 0.000 sec [ext2/1/ext 1 (0,20)] [article_core]
[Tue Nov 13 18:10:49.387 2018] 0.000 sec 0.000 sec [ext2/1/ext 0 (0,20)] [article_core] te
[Tue Nov 13 18:10:55.173 2018] 0.000 sec 0.000 sec [ext2/1/ext 1 (0,20)] [article_core] test
[Tue Nov 13 18:17:49.978 2018] 0.000 sec 0.000 sec [ext2/1/ext 1 (0,20)] [article_core] test
[Tue Nov 13 18:18:11.237 2018] 0.000 sec 0.000 sec [ext2/1/ext 1 (0,20)] [article_core]
[Tue Nov 13 18:18:19.927 2018] 0.000 sec 0.000 sec [ext2/1/ext 1 (0,20)] [article_core]
[Tue Nov 13 18:18:21.962 2018] 0.000 sec 0.000 sec [ext2/1/ext 1 (0,20)] [article_core]
[Tue Nov 13 18:18:22.792 2018] 0.000 sec 0.000 sec [ext2/1/ext 1 (0,20)] [article_core]
[Tue Nov 13 18:18:23.333 2018] 0.000 sec 0.000 sec [ext2/1/ext 1 (0,20)] [article_core]
[Tue Nov 13 18:18:23.944 2018] 0.000 sec 0.000 sec [ext2/1/ext 1 (0,20)] [article_core]
[Tue Nov 13 18:18:45.430 2018] 0.000 sec 0.000 sec [ext2/1/ext 1 (0,20)] [article_core]
[Tue Nov 13 18:18:46.048 2018] 0.000 sec 0.000 sec [ext2/1/ext 1 (0,20)] [article_core]
[Tue Nov 13 18:18:46.731 2018] 0.000 sec 0.000 sec [ext2/1/ext 1 (0,20)] [article_core]
[Tue Nov 13 18:18:47.382 2018] 0.000 sec 0.000 sec [ext2/1/ext 1 (0,20)] [article_core]
[Tue Nov 13 18:18:48.090 2018] 0.000 sec 0.000 sec [ext2/1/ext 1 (0,20)] [article_core]
[Tue Nov 13 18:18:48.679 2018] 0.000 sec 0.000 sec [ext2/1/ext 1 (0,20)] [article_core]
[Tue Nov 13 18:19:45.760 2018] 0.000 sec 0.000 sec [ext2/1/ext 0 (0,20)] [article_core] ukjuki
[Tue Nov 13 18:19:47.524 2018] 0.000 sec 0.000 sec [ext2/1/ext 0 (0,20)] [article_core] ukjuki
[Tue Nov 13 18:19:48.172 2018] 0.000 sec 0.000 sec [ext2/1/ext 0 (0,20)] [article_core] ukjuki
[Tue Nov 13 18:19:48.666 2018] 0.000 sec 0.000 sec [ext2/1/ext 0 (0,20)] [article_core] ukjuki
[Tue Nov 13 18:19:49.111 2018] 0.000 sec 0.000 sec [ext2/1/ext 0 (0,20)] [article_core] ukjuki
[Tue Nov 13 18:19:49.547 2018] 0.000 sec 0.000 sec [ext2/1/ext 0 (0,20)] [article_core] ukjuki
[Tue Nov 13 18:20:51.593 2018] 0.000 sec 0.000 sec [ext2/1/ext 0 (0,20)] [article_core] ukjuki
[Tue Nov 13 18:21:33.519 2018] 0.000 sec 0.000 sec [ext2/1/ext 1 (0,20)] [article_core]
[Tue Nov 13 18:21:37.343 2018] 0.000 sec 0.000 sec [ext2/1/ext 0 (0,20)] [article_core] ukjuki
[Tue Nov 13 18:21:58.446 2018] 0.000 sec 0.000 sec [ext2/1/ext 1 (0,20)] [article_core]
[Tue Nov 13 18:22:07.683 2018] 0.000 sec 0.000 sec [ext2/1/ext 1 (0,20)] [article_core]
[Tue Nov 13 18:22:14.715 2018] 0.000 sec 0.000 sec [ext2/1/ext 1 (0,20)] [article_core]
[Tue Nov 13 18:22:50.544 2018] 0.000 sec 0.000 sec [ext2/1/ext 1 (0,20)] [article_core]
[Tue Nov 13 18:23:00.924 2018] 0.000 sec 0.000 sec [ext2/1/ext 1 (0,20)] [article_core]
[Tue Nov 13 18:24:00.497 2018] 0.000 sec 0.000 sec [ext2/1/ext 0 (0,20)] [article_core] yyuj
[Tue Nov 13 18:24:21.170 2018] 0.000 sec 0.000 sec [ext2/1/ext 0 (0,20)] [article_core] yyuj
[Tue Nov 13 18:24:38.427 2018] 0.000 sec 0.000 sec [ext2/1/ext 0 (0,20)] [article_core] yyuj
[Tue Nov 13 18:25:20.853 2018] 0.000 sec 0.000 sec [ext2/1/ext 1 (0,20)] [article_core] test
[Tue Nov 13 18:25:28.746 2018] 0.000 sec 0.000 sec [ext2/1/ext 0 (0,20)] [article_core] dfsdsf
[Tue Nov 13 18:26:09.366 2018] 0.000 sec 0.000 sec [ext2/1/ext 1 (0,20)] [article_core]
[Tue Nov 13 18:26:09.401 2018] 0.000 sec 0.000 sec [ext2/1/ext 0 (0,20)] [article_core]
[Tue Nov 13 18:26:09.450 2018] 0.000 sec 0.000 sec [ext2/1/ext 0 (0,20)] [article_core]
[Tue Nov 13 18:26:09.506 2018] 0.000 sec 0.000 sec [ext2/1/ext 0 (0,20)] [article_core]
[Tue Nov 13 18:26:11.616 2018] 0.000 sec 0.000 sec [ext2/1/ext 0 (0,20)] [article_core] dfsdsf
[Tue Nov 13 18:26:32.650 2018] 0.000 sec 0.000 sec [ext2/1/ext 0 (0,20)] [article_core] fdggdfg
[Tue Nov 13 18:26:46.187 2018] 0.000 sec 0.000 sec [ext2/1/ext 0 (0,20)] [article_core]
[Tue Nov 13 18:26:48.318 2018] 0.000 sec 0.000 sec [ext2/1/ext 0 (0,20)] [article_core]
[Tue Nov 13 18:27:02.662 2018] 0.000 sec 0.000 sec [ext2/1/ext 0 (0,20)] [article_core] title
[Tue Nov 13 18:27:41.864 2018] 0.000 sec 0.000 sec [ext2/1/ext 0 (0,20)] [article_core] title
[Tue Nov 13 18:27:43.691 2018] 0.000 sec 0.000 sec [ext2/1/ext 0 (0,20)] [article_core] title
[Tue Nov 13 18:28:16.913 2018] 0.000 sec 0.000 sec [ext2/1/ext 0 (0,20)] [article_core] title
[Tue Nov 13 18:28:36.443 2018] 0.000 sec 0.000 sec [ext2/1/ext 0 (0,20)] [article_core] test
[Tue Nov 13 18:29:05.835 2018] 0.000 sec 0.000 sec [ext2/1/ext 1 (0,20)] [article_core] test
[Tue Nov 13 18:29:14.899 2018] 0.000 sec 0.000 sec [ext2/1/ext 1 (0,20)] [article_core] title
[Tue Nov 13 18:29:26.053 2018] 0.000 sec 0.000 sec [ext2/1/ext 0 (0,20)] [article_core] kgnn
[Tue Nov 13 18:29:44.251 2018] 0.000 sec 0.000 sec [ext2/1/ext 0 (0,20)] [article_core] kgnn
[Tue Nov 13 18:29:46.535 2018] 0.000 sec 0.000 sec [ext2/1/ext 0 (0,20)] [article_core] kgnn
[Tue Nov 13 18:30:17.298 2018] 0.000 sec 0.000 sec [ext2/1/ext 1 (0,20)] [article_core] kgnn
[Tue Nov 13 18:32:39.455 2018] 0.000 sec 0.000 sec [ext2/1/ext 1 (0,20)] [article_core] nvbnvb
[Tue Nov 13 18:33:00.949 2018] 0.000 sec 0.000 sec [ext2/1/ext 1 (0,20)] [article_core]
[Tue Nov 13 18:33:04.238 2018] 0.000 sec 0.000 sec [ext2/1/ext 0 (0,20)] [article_core] kgnn
[Tue Nov 13 18:33:22.325 2018] 0.000 sec 0.000 sec [ext2/1/ext 0 (0,20)] [article_core] uik
[Tue Nov 13 18:40:57.979 2018] 0.000 sec 0.000 sec [ext2/1/ext 0 (0,20)] [article_core] uik
[Tue Nov 13 18:41:21.245 2018] 0.000 sec 0.000 sec [ext2/1/ext 0 (0,20)] [article_core] uik
[Tue Nov 13 18:41:22.317 2018] 0.000 sec 0.000 sec [ext2/1/ext 0 (0,20)] [article_core] uik
[Tue Nov 13 18:41:23.507 2018] 0.000 sec 0.000 sec [ext2/1/ext 0 (0,20)] [article_core] uik
[Tue Nov 13 18:41:24.513 2018] 0.000 sec 0.000 sec [ext2/1/ext 0 (0,20)] [article_core] uik
[Tue Nov 13 18:41:25.252 2018] 0.000 sec 0.000 sec [ext2/1/ext 0 (0,20)] [article_core] uik
[Tue Nov 13 18:41:26.014 2018] 0.000 sec 0.000 sec [ext2/1/ext 0 (0,20)] [article_core] uik
[Tue Nov 13 18:41:26.614 2018] 0.000 sec 0.000 sec [ext2/1/ext 0 (0,20)] [article_core] uik
[Tue Nov 13 18:41:27.147 2018] 0.000 sec 0.000 sec [ext2/1/ext 0 (0,20)] [article_core] uik
[Tue Nov 13 18:41:28.033 2018] 0.000 sec 0.000 sec [ext2/1/ext 0 (0,20)] [article_core] uik
[Tue Nov 13 18:41:28.565 2018] 0.000 sec 0.000 sec [ext2/1/ext 0 (0,20)] [article_core] uik
[Tue Nov 13 18:41:29.504 2018] 0.000 sec 0.000 sec [ext2/1/ext 0 (0,20)] [article_core] uik
[Tue Nov 13 18:41:40.656 2018] 0.000 sec 0.000 sec [ext2/1/ext 0 (0,20)] [article_core] uik
[Tue Nov 13 18:49:33.476 2018] 0.000 sec 0.000 sec [ext2/1/ext 1 (0,20)] [article_core] uik
[Tue Nov 13 18:50:05.220 2018] 0.000 sec 0.000 sec [ext2/1/ext 1 (0,20)] [article_core] uik
[Tue Nov 13 18:50:18.067 2018] 0.000 sec 0.000 sec [ext2/1/ext 1 (0,20)] [article_core] title
[Wed Nov 14 11:25:14.642 2018] 0.139 sec 0.139 sec [ext2/1/ext 1 (0,20)] [article_core] title
